2022-07-08 02:11:41.003100 /profile L981
_GETArray
(
)
_POSTArray
(
)
_FILESArray
(
    [avatar_icon] => Array
        (
            [name] => eagle-2657888.jpg
            [type] => 
            [tmp_name] => 
            [error] => 1
            [size] => 0
        )

)
_COOKIEArray
(
    [user_id] => 1157
)
getallheadersArray
(
    [Accept-Encoding] => gzip
    [Cookie] => user_id=1157
    [Content-Type] => multipart/form-data; boundary=0e212fed40a595988c774f895cbbb61c7ddb46811b559a703d44ce2d3f83
    [Content-Length] => 3255250
    [User-Agent] => isucon7q-benchmarker
    [Host] => isubata.example.com
)


2022-07-08 02:11:41.026000 /profile L981
_GETArray
(
)
_POSTArray
(
    [display_name] => 宇田川 華子
)
_FILESArray
(
    [avatar_icon] => Array
        (
            [name] => mans-face-2623006.png.bin
            [type] => application/octet-stream
            [tmp_name] => /tmp/php6Ne74a
            [error] => 0
            [size] => 492873
        )

)
_COOKIEArray
(
    [user_id] => 1157
)
getallheadersArray
(
    [Accept-Encoding] => gzip
    [Cookie] => user_id=1157
    [Content-Type] => multipart/form-data; boundary=839426264b89d10407d7ee4a01940132e94b0782b4d5b4f68815efb1699b
    [Content-Length] => 493274
    [User-Agent] => isucon7q-benchmarker
    [Host] => isubata.example.com
)


2022-07-08 02:11:41.050600 /profile L981
_GETArray
(
)
_POSTArray
(
    [display_name] => 宇田川 華子
)
_FILESArray
(
    [avatar_icon] => Array
        (
            [name] => mans-face-2623006.png
            [type] => application/octet-stream
            [tmp_name] => /tmp/phpBfGEDz
            [error] => 0
            [size] => 492873
        )

)
_COOKIEArray
(
    [user_id] => 1157
)
getallheadersArray
(
    [Accept-Encoding] => gzip
    [Cookie] => user_id=1157
    [Content-Type] => multipart/form-data; boundary=87a6e14261a3d43f0272cd8dec82d3849a2311c8f2908c0f02e065bd4db3
    [Content-Length] => 493270
    [User-Agent] => isucon7q-benchmarker
    [Host] => isubata.example.com
)


2022-07-08 02:11:42.826500 /profile L981
_GETArray
(
)
_POSTArray
(
    [display_name] => 田島 千佳子
)
_FILESArray
(
    [avatar_icon] => Array
        (
            [name] => ar_kakuchou_genjitsu.png
            [type] => application/octet-stream
            [tmp_name] => /tmp/phpKesgHw
            [error] => 0
            [size] => 681739
        )

)
_COOKIEArray
(
    [user_id] => 1160
)
getallheadersArray
(
    [Accept-Encoding] => gzip
    [Cookie] => user_id=1160
    [Content-Type] => multipart/form-data; boundary=3159efffb110662146bc7f7cb432a19119bb00e736415992fe53eb9af1de
    [Content-Length] => 682139
    [User-Agent] => isucon7q-benchmarker
    [Host] => isubata.example.com
)


2022-07-08 02:11:42.979000 /profile L981
_GETArray
(
)
_POSTArray
(
    [display_name] => 津田 徹
)
_FILESArray
(
    [avatar_icon] => Array
        (
            [name] => phoenix-1301889_1280.png
            [type] => application/octet-stream
            [tmp_name] => /tmp/php0HXutX
            [error] => 0
            [size] => 543142
        )

)
_COOKIEArray
(
    [user_id] => 1161
)
getallheadersArray
(
    [Accept-Encoding] => gzip
    [Cookie] => user_id=1161
    [Content-Type] => multipart/form-data; boundary=ecec7e2c1187a097a8e91c0b9160845594b508506c13c25b8dfcb289a2b4
    [Content-Length] => 543536
    [User-Agent] => isucon7q-benchmarker
    [Host] => isubata.example.com
)


2022-07-08 02:11:45.255400 /profile L981
_GETArray
(
)
_POSTArray
(
    [display_name] => 畑中 杏
)
_FILESArray
(
    [avatar_icon] => Array
        (
            [name] => business_jinzai_tsukaisute.png
            [type] => application/octet-stream
            [tmp_name] => /tmp/phpgGjXim
            [error] => 0
            [size] => 299210
        )

)
_COOKIEArray
(
    [user_id] => 1162
)
getallheadersArray
(
    [Accept-Encoding] => gzip
    [Cookie] => user_id=1162
    [Content-Type] => multipart/form-data; boundary=b9c60c366996220a727ddf50e971bce5a96bbc260e615e2e28f853cf4731
    [Content-Length] => 299610
    [User-Agent] => isucon7q-benchmarker
    [Host] => isubata.example.com
)


2022-07-08 02:11:47.401400 /profile L981
_GETArray
(
)
_POSTArray
(
    [display_name] => 水上 里穂
)
_FILESArray
(
    [avatar_icon] => Array
        (
            [name] => sushi_uni_norinashi.png
            [type] => application/octet-stream
            [tmp_name] => /tmp/phpAB0LaB
            [error] => 0
            [size] => 252651
        )

)
_COOKIEArray
(
    [user_id] => 1163
)
getallheadersArray
(
    [Accept-Encoding] => gzip
    [Cookie] => user_id=1163
    [Content-Type] => multipart/form-data; boundary=8143f76e00f7f9219848c56c75f67ea72ee029b59785f6e26517a06fdfee
    [Content-Length] => 253047
    [User-Agent] => isucon7q-benchmarker
    [Host] => isubata.example.com
)


2022-07-08 02:11:50.954300 /profile L981
_GETArray
(
)
_POSTArray
(
    [display_name] => 塩見 一輝
)
_FILESArray
(
    [avatar_icon] => Array
        (
            [name] => user-297330.png
            [type] => application/octet-stream
            [tmp_name] => /tmp/phpzR59nC
            [error] => 0
            [size] => 344431
        )

)
_COOKIEArray
(
    [user_id] => 1164
)
getallheadersArray
(
    [Accept-Encoding] => gzip
    [Cookie] => user_id=1164
    [Content-Type] => multipart/form-data; boundary=09135cdeb36e673aee7dad02cd806a85d600572bbc5c7958de8fd123ee5c
    [Content-Length] => 344819
    [User-Agent] => isucon7q-benchmarker
    [Host] => isubata.example.com
)


2022-07-08 02:11:52.665200 /profile L981
_GETArray
(
)
_POSTArray
(
    [display_name] => 及川 光良
)
_FILESArray
(
    [avatar_icon] => Array
        (
            [name] => syokuji_tabesugi_woman.png
            [type] => application/octet-stream
            [tmp_name] => /tmp/phpFBI4Cm
            [error] => 0
            [size] => 489607
        )

)
_COOKIEArray
(
    [user_id] => 1165
)
getallheadersArray
(
    [Accept-Encoding] => gzip
    [Cookie] => user_id=1165
    [Content-Type] => multipart/form-data; boundary=da9eb7f300cbe95965f75d5994290a29ad2c8132d1332b1bc5c760ddeea8
    [Content-Length] => 490006
    [User-Agent] => isucon7q-benchmarker
    [Host] => isubata.example.com
)


2022-07-08 02:11:53.354600 /profile L981
_GETArray
(
)
_POSTArray
(
    [display_name] => 新村 はじめ
)
_FILESArray
(
    [avatar_icon] => Array
        (
            [name] => avatar-1295393_1280.png
            [type] => application/octet-stream
            [tmp_name] => /tmp/php8ZdLdI
            [error] => 0
            [size] => 103094
        )

)
_COOKIEArray
(
    [user_id] => 1166
)
getallheadersArray
(
    [Accept-Encoding] => gzip
    [Cookie] => user_id=1166
    [Content-Type] => multipart/form-data; boundary=14a994d11d86d8f6aebcd30f0c634993e9f678ad0ca832afdb9d80a8db3e
    [Content-Length] => 103493
    [User-Agent] => isucon7q-benchmarker
    [Host] => isubata.example.com
)


2022-07-08 02:11:54.103600 /profile L981
_GETArray
(
)
_POSTArray
(
    [display_name] => 板橋 小雁
)
_FILESArray
(
    [avatar_icon] => Array
        (
            [name] => animal-1296724_1280.png
            [type] => application/octet-stream
            [tmp_name] => /tmp/php469gnp
            [error] => 0
            [size] => 371278
        )

)
_COOKIEArray
(
    [user_id] => 1167
)
getallheadersArray
(
    [Accept-Encoding] => gzip
    [Cookie] => user_id=1167
    [Content-Type] => multipart/form-data; boundary=93b7bd2b7e063b93a826a090c5e873dfa01f9e2c64601d6878bc80f8b289
    [Content-Length] => 371674
    [User-Agent] => isucon7q-benchmarker
    [Host] => isubata.example.com
)


2022-07-08 02:11:57.758600 /profile L981
_GETArray
(
)
_POSTArray
(
    [display_name] => 野中 そら
)
_FILESArray
(
    [avatar_icon] => Array
        (
            [name] => tomato-304316_1280.png
            [type] => application/octet-stream
            [tmp_name] => /tmp/phpfwsAL5
            [error] => 0
            [size] => 672881
        )

)
_COOKIEArray
(
    [user_id] => 1168
)
getallheadersArray
(
    [Accept-Encoding] => gzip
    [Cookie] => user_id=1168
    [Content-Type] => multipart/form-data; boundary=c93466c8905820e2bd2a66e41376da2075f81d88407be338a278fd2a8a81
    [Content-Length] => 673276
    [User-Agent] => isucon7q-benchmarker
    [Host] => isubata.example.com
)


2022-07-08 02:11:58.204400 /profile L981
_GETArray
(
)
_POSTArray
(
    [display_name] => 岡本 優
)
_FILESArray
(
    [avatar_icon] => Array
        (
            [name] => phoenix-1301889_1280.png
            [type] => application/octet-stream
            [tmp_name] => /tmp/phpG1Qt22
            [error] => 0
            [size] => 543142
        )

)
_COOKIEArray
(
    [user_id] => 1169
)
getallheadersArray
(
    [Accept-Encoding] => gzip
    [Cookie] => user_id=1169
    [Content-Type] => multipart/form-data; boundary=f35d22a586e774d1e63ccdf3e60660758e5695817ea84c494bd3399b1f83
    [Content-Length] => 543536
    [User-Agent] => isucon7q-benchmarker
    [Host] => isubata.example.com
)


2022-07-08 02:12:00.213500 /profile L981
_GETArray
(
)
_POSTArray
(
    [display_name] => 加藤 メイサ
)
_FILESArray
(
    [avatar_icon] => Array
        (
            [name] => bird_aoitori_bluebird.png
            [type] => application/octet-stream
            [tmp_name] => /tmp/phpMZRiqp
            [error] => 0
            [size] => 294449
        )

)
_COOKIEArray
(
    [user_id] => 1170
)
getallheadersArray
(
    [Accept-Encoding] => gzip
    [Cookie] => user_id=1170
    [Content-Type] => multipart/form-data; boundary=72794d20c1c623e5c451be7ad1340c117832239de7f4013d22e83a103fa8
    [Content-Length] => 294850
    [User-Agent] => isucon7q-benchmarker
    [Host] => isubata.example.com
)


2022-07-08 02:12:00.554300 /profile L981
_GETArray
(
)
_POSTArray
(
    [display_name] => 恩田 亜希
)
_FILESArray
(
    [avatar_icon] => Array
        (
            [name] => man-156584.png
            [type] => application/octet-stream
            [tmp_name] => /tmp/phpZ3SAn0
            [error] => 0
            [size] => 127820
        )

)
_COOKIEArray
(
    [user_id] => 1171
)
getallheadersArray
(
    [Accept-Encoding] => gzip
    [Cookie] => user_id=1171
    [Content-Type] => multipart/form-data; boundary=0c87b89c9fc87625a5cb016d0d822711d9fcfc83322e3124966b1c3a5798
    [Content-Length] => 128207
    [User-Agent] => isucon7q-benchmarker
    [Host] => isubata.example.com
)


2022-07-08 02:12:01.153900 /profile L981
_GETArray
(
)
_POSTArray
(
    [display_name] => 角谷 真吾
)
_FILESArray
(
    [avatar_icon] => Array
        (
            [name] => eagle-354255_1920.jpg
            [type] => application/octet-stream
            [tmp_name] => /tmp/phpx4OBZI
            [error] => 0
            [size] => 559068
        )

)
_COOKIEArray
(
    [user_id] => 1172
)
getallheadersArray
(
    [Accept-Encoding] => gzip
    [Cookie] => user_id=1172
    [Content-Type] => multipart/form-data; boundary=be6899fdab9fcc45eec00e99e082fe806964dfb2db551c857d9c10c4ee51
    [Content-Length] => 559462
    [User-Agent] => isucon7q-benchmarker
    [Host] => isubata.example.com
)


2022-07-08 02:12:08.681700 /profile L981
_GETArray
(
)
_POSTArray
(
    [display_name] => 萩原 礼子
)
_FILESArray
(
    [avatar_icon] => Array
        (
            [name] => syachiku.png
            [type] => application/octet-stream
            [tmp_name] => /tmp/phpHCFBaa
            [error] => 0
            [size] => 664786
        )

)
_COOKIEArray
(
    [user_id] => 1174
)
getallheadersArray
(
    [Accept-Encoding] => gzip
    [Cookie] => user_id=1174
    [Content-Type] => multipart/form-data; boundary=55a889e77e387b828af3a85cc7d3d81a9d5b4d12588d9e3b9510a56a9e08
    [Content-Length] => 665171
    [User-Agent] => isucon7q-benchmarker
    [Host] => isubata.example.com
)


2022-07-08 02:12:13.640800 /profile L981
_GETArray
(
)
_POSTArray
(
)
_FILESArray
(
    [avatar_icon] => Array
        (
            [name] => food-715542.jpg
            [type] => 
            [tmp_name] => 
            [error] => 1
            [size] => 0
        )

)
_COOKIEArray
(
    [user_id] => 1175
)
getallheadersArray
(
    [Accept-Encoding] => gzip
    [Cookie] => user_id=1175
    [Content-Type] => multipart/form-data; boundary=d8669dadd0b693e6b79fe3463224c2b6dbf8d051856698cc104e84f1c3be
    [Content-Length] => 2537484
    [User-Agent] => isucon7q-benchmarker
    [Host] => isubata.example.com
)


2022-07-08 02:12:14.562300 /profile L981
_GETArray
(
)
_POSTArray
(
    [display_name] => 黒谷 さんま
)
_FILESArray
(
    [avatar_icon] => Array
        (
            [name] => mans-face-2623006.png.bin
            [type] => application/octet-stream
            [tmp_name] => /tmp/php8Zo1D2
            [error] => 0
            [size] => 492873
        )

)
_COOKIEArray
(
    [user_id] => 1175
)
getallheadersArray
(
    [Accept-Encoding] => gzip
    [Cookie] => user_id=1175
    [Content-Type] => multipart/form-data; boundary=aa6b7767921dbfdb2cba54ed2ec5a67cdeb26cd1ad73832f6fa27af0b838
    [Content-Length] => 493274
    [User-Agent] => isucon7q-benchmarker
    [Host] => isubata.example.com
)


2022-07-08 02:12:15.640700 /profile L981
_GETArray
(
)
_POSTArray
(
    [display_name] => 黒谷 さんま
)
_FILESArray
(
    [avatar_icon] => Array
        (
            [name] => mans-face-2623006.png
            [type] => application/octet-stream
            [tmp_name] => /tmp/phpgmErOQ
            [error] => 0
            [size] => 492873
        )

)
_COOKIEArray
(
    [user_id] => 1175
)
getallheadersArray
(
    [Accept-Encoding] => gzip
    [Cookie] => user_id=1175
    [Content-Type] => multipart/form-data; boundary=4f146826b5b8fa298bb408f40d223771296764d2c37fa56f9ad46613c27f
    [Content-Length] => 493270
    [User-Agent] => isucon7q-benchmarker
    [Host] => isubata.example.com
)


2022-07-08 02:12:18.289800 /profile L981
_GETArray
(
)
_POSTArray
(
    [display_name] => 小谷 恵子
)
_FILESArray
(
    [avatar_icon] => Array
        (
            [name] => chair_boy.png
            [type] => application/octet-stream
            [tmp_name] => /tmp/phpEKyeef
            [error] => 0
            [size] => 235627
        )

)
_COOKIEArray
(
    [user_id] => 1177
)
getallheadersArray
(
    [Accept-Encoding] => gzip
    [Cookie] => user_id=1177
    [Content-Type] => multipart/form-data; boundary=35be39cb82287c372836d19458d03be183fb8acd0be534ffd898de38f1cd
    [Content-Length] => 236013
    [User-Agent] => isucon7q-benchmarker
    [Host] => isubata.example.com
)


2022-07-08 02:12:25.230200 /profile L981
_GETArray
(
)
_POSTArray
(
    [display_name] => 篠田 小雁
)
_FILESArray
(
    [avatar_icon] => Array
        (
            [name] => chair_wood.png
            [type] => application/octet-stream
            [tmp_name] => /tmp/php0qfAVH
            [error] => 0
            [size] => 328839
        )

)
_COOKIEArray
(
    [user_id] => 1178
)
getallheadersArray
(
    [Accept-Encoding] => gzip
    [Cookie] => user_id=1178
    [Content-Type] => multipart/form-data; boundary=24f61f246ab05679651b0b6ce7707a19530edc335b6482d81b3e17d12ab8
    [Content-Length] => 329226
    [User-Agent] => isucon7q-benchmarker
    [Host] => isubata.example.com
)


2022-07-08 02:12:33.245900 /profile L981
_GETArray
(
)
_POSTArray
(
    [display_name] => 田畑 瑠璃亜
)
_FILESArray
(
    [avatar_icon] => Array
        (
            [name] => switch-23328_1280.png
            [type] => application/octet-stream
            [tmp_name] => /tmp/phpzAiRa4
            [error] => 0
            [size] => 142489
        )

)
_COOKIEArray
(
    [user_id] => 1179
)
getallheadersArray
(
    [Accept-Encoding] => gzip
    [Cookie] => user_id=1179
    [Content-Type] => multipart/form-data; boundary=ef348021a869475885258c72e65c60aaf1242923b636f2ecfeefeddb5a84
    [Content-Length] => 142886
    [User-Agent] => isucon7q-benchmarker
    [Host] => isubata.example.com
)


2022-07-08 02:12:38.239900 /profile L981
_GETArray
(
)
_POSTArray
(
    [display_name] => 坂野 美帆
)
_FILESArray
(
    [avatar_icon] => Array
        (
            [name] => man-156584.png
            [type] => application/octet-stream
            [tmp_name] => /tmp/phpZKtEvL
            [error] => 0
            [size] => 127820
        )

)
_COOKIEArray
(
    [user_id] => 1180
)
getallheadersArray
(
    [Accept-Encoding] => gzip
    [Cookie] => user_id=1180
    [Content-Type] => multipart/form-data; boundary=150ff70eb5552142519ee184792e2310def1833878ab3ca476febea22b72
    [Content-Length] => 128207
    [User-Agent] => isucon7q-benchmarker
    [Host] => isubata.example.com
)


2022-07-08 02:38:16.719400 /profile L981
_GETArray
(
)
_POSTArray
(
    [display_name] => isucon
)
_FILESArray
(
    [avatar_icon] => Array
        (
            [name] => mypoto.png
            [type] => image/png
            [tmp_name] => /tmp/phpPG7Jhs
            [error] => 0
            [size] => 4104
        )

)
_COOKIEArray
(
    [ph_mqkwGT0JNFqO-zX2t0mW6Tec9yooaVu7xCBlXtHnt5Y_posthog] => {"distinct_id":"1819018e7c8a7-0e76f34318942a-1d525635-25cb00-1819018e7c9d76","$device_id":"1819018e7c8a7-0e76f34318942a-1d525635-25cb00-1819018e7c9d76"}
    [user_id] => 1182
)
getallheadersArray
(
    [Cookie] => ph_mqkwGT0JNFqO-zX2t0mW6Tec9yooaVu7xCBlXtHnt5Y_posthog=%7B%22distinct_id%22%3A%221819018e7c8a7-0e76f34318942a-1d525635-25cb00-1819018e7c9d76%22%2C%22%24device_id%22%3A%221819018e7c8a7-0e76f34318942a-1d525635-25cb00-1819018e7c9d76%22%7D; user_id=1182
    [Accept-Language] => ja,en-US;q=0.9,en;q=0.8
    [Accept-Encoding] => gzip, deflate, br
    [Referer] => http://127.0.0.1/profile/isucon
    [Sec-Fetch-Dest] => document
    [Sec-Fetch-User] => ?1
    [Sec-Fetch-Mode] => navigate
    [Sec-Fetch-Site] => same-origin
    [Accept] => text/html,application/xhtml+xml,application/xml;q=0.9,image/avif,image/webp,image/apng,*/*;q=0.8,application/signed-exchange;v=b3;q=0.9
    [User-Agent] => Mozilla/5.0 (Macintosh; Intel Mac OS X 10_15_7) AppleWebKit/537.36 (KHTML, like Gecko) Chrome/103.0.0.0 Safari/537.36
    [Content-Type] => multipart/form-data; boundary=----WebKitFormBoundarylR3CsdsuN9fhABSd
    [Origin] => http://127.0.0.1
    [Upgrade-Insecure-Requests] => 1
    [Sec-Ch-Ua-Platform] => "macOS"
    [Sec-Ch-Ua-Mobile] => ?0
    [Sec-Ch-Ua] => ".Not/A)Brand";v="99", "Google Chrome";v="103", "Chromium";v="103"
    [Cache-Control] => max-age=0
    [Content-Length] => 4399
    [Connection] => keep-alive
    [Host] => 127.0.0.1
)


2022-07-08 02:39:06.315500 /profile L981
_GETArray
(
)
_POSTArray
(
)
_FILESArray
(
    [avatar_icon] => Array
        (
            [name] => eagle-2657888.jpg
            [type] => 
            [tmp_name] => 
            [error] => 1
            [size] => 0
        )

)
_COOKIEArray
(
    [user_id] => 1183
)
getallheadersArray
(
    [Accept-Encoding] => gzip
    [Cookie] => user_id=1183
    [Content-Type] => multipart/form-data; boundary=9e4c1d4011603e86d128c8dd3d7873f6cbdd302cc429a00972dc96ef66ca
    [Content-Length] => 3255250
    [User-Agent] => isucon7q-benchmarker
    [Host] => isubata.example.com
)


2022-07-08 02:39:06.339600 /profile L981
_GETArray
(
)
_POSTArray
(
    [display_name] => 宇田川 華子
)
_FILESArray
(
    [avatar_icon] => Array
        (
            [name] => mans-face-2623006.png.bin
            [type] => application/octet-stream
            [tmp_name] => /tmp/phpYlzKsa
            [error] => 0
            [size] => 492873
        )

)
_COOKIEArray
(
    [user_id] => 1183
)
getallheadersArray
(
    [Accept-Encoding] => gzip
    [Cookie] => user_id=1183
    [Content-Type] => multipart/form-data; boundary=fcaa8cb6b527e8739761cdadc93b92a7a41a1ca18e83472fe3ce44792ed3
    [Content-Length] => 493274
    [User-Agent] => isucon7q-benchmarker
    [Host] => isubata.example.com
)


2022-07-08 02:39:06.363600 /profile L981
_GETArray
(
)
_POSTArray
(
    [display_name] => 宇田川 華子
)
_FILESArray
(
    [avatar_icon] => Array
        (
            [name] => mans-face-2623006.png
            [type] => application/octet-stream
            [tmp_name] => /tmp/phpUfSzTK
            [error] => 0
            [size] => 492873
        )

)
_COOKIEArray
(
    [user_id] => 1183
)
getallheadersArray
(
    [Accept-Encoding] => gzip
    [Cookie] => user_id=1183
    [Content-Type] => multipart/form-data; boundary=4ede38bbb174853e9ac9b8618f4f7d4f3f9445bfea294fea85496ed42961
    [Content-Length] => 493270
    [User-Agent] => isucon7q-benchmarker
    [Host] => isubata.example.com
)


2022-07-08 02:39:10.333500 /profile L981
_GETArray
(
)
_POSTArray
(
    [display_name] => 田島 千佳子
)
_FILESArray
(
    [avatar_icon] => Array
        (
            [name] => chair_wood.png
            [type] => application/octet-stream
            [tmp_name] => /tmp/phpaPd46E
            [error] => 0
            [size] => 328839
        )

)
_COOKIEArray
(
    [user_id] => 1186
)
getallheadersArray
(
    [Accept-Encoding] => gzip
    [Cookie] => user_id=1186
    [Content-Type] => multipart/form-data; boundary=c5079647a62c2ee61b5bfd7155ae3aaa86e9f0804cac99e273c9c90b5eff
    [Content-Length] => 329229
    [User-Agent] => isucon7q-benchmarker
    [Host] => isubata.example.com
)


2022-07-08 02:39:28.556700 /profile L981
_GETArray
(
)
_POSTArray
(
    [display_name] => 塩見 一輝
)
_FILESArray
(
    [avatar_icon] => Array
        (
            [name] => sushi_uni_norinashi.png
            [type] => application/octet-stream
            [tmp_name] => /tmp/phpu0qMlg
            [error] => 0
            [size] => 252651
        )

)
_COOKIEArray
(
    [user_id] => 1190
)
getallheadersArray
(
    [Accept-Encoding] => gzip
    [Cookie] => user_id=1190
    [Content-Type] => multipart/form-data; boundary=52606540eee20e7e4b5b784d25dc26bbdbce63e4ab60818fe5146c4834df
    [Content-Length] => 253047
    [User-Agent] => isucon7q-benchmarker
    [Host] => isubata.example.com
)


2022-07-08 02:39:29.527200 /profile L981
_GETArray
(
)
_POSTArray
(
    [display_name] => 及川 光良
)
_FILESArray
(
    [avatar_icon] => Array
        (
            [name] => man-156584.png
            [type] => application/octet-stream
            [tmp_name] => /tmp/phpxfo44i
            [error] => 0
            [size] => 127820
        )

)
_COOKIEArray
(
    [user_id] => 1191
)
getallheadersArray
(
    [Accept-Encoding] => gzip
    [Cookie] => user_id=1191
    [Content-Type] => multipart/form-data; boundary=0df9e38b4082071598e6f0fadf1245bfb4b0f6e3176320138d7554ff1eb7
    [Content-Length] => 128207
    [User-Agent] => isucon7q-benchmarker
    [Host] => isubata.example.com
)


2022-07-08 02:39:37.038500 /profile L981
_GETArray
(
)
_POSTArray
(
    [display_name] => 板橋 小雁
)
_FILESArray
(
    [avatar_icon] => Array
        (
            [name] => sushi_uni_norinashi.png
            [type] => application/octet-stream
            [tmp_name] => /tmp/php3Mz4oh
            [error] => 0
            [size] => 252651
        )

)
_COOKIEArray
(
    [user_id] => 1194
)
getallheadersArray
(
    [Accept-Encoding] => gzip
    [Cookie] => user_id=1194
    [Content-Type] => multipart/form-data; boundary=613a118249c004e4c6c35de1db5cd54f51f4e86b85ae7fe16c32cc821d79
    [Content-Length] => 253047
    [User-Agent] => isucon7q-benchmarker
    [Host] => isubata.example.com
)


2022-07-08 02:39:38.729300 /profile L981
_GETArray
(
)
_POSTArray
(
)
_FILESArray
(
    [avatar_icon] => Array
        (
            [name] => parrot-2756488.jpg
            [type] => 
            [tmp_name] => 
            [error] => 1
            [size] => 0
        )

)
_COOKIEArray
(
    [user_id] => 1192
)
getallheadersArray
(
    [Accept-Encoding] => gzip
    [Cookie] => user_id=1192
    [Content-Type] => multipart/form-data; boundary=90b3caf7aa6eb6d3c10c69add4ec0873b02ac0e84da648e9408716061e43
    [Content-Length] => 4426652
    [User-Agent] => isucon7q-benchmarker
    [Host] => isubata.example.com
)


2022-07-08 02:39:40.911200 /profile L981
_GETArray
(
)
_POSTArray
(
    [display_name] => 新村 はじめ
)
_FILESArray
(
    [avatar_icon] => Array
        (
            [name] => gnu-161336_1280.png.bin
            [type] => application/octet-stream
            [tmp_name] => /tmp/phpCu2l7A
            [error] => 0
            [size] => 227840
        )

)
_COOKIEArray
(
    [user_id] => 1192
)
getallheadersArray
(
    [Accept-Encoding] => gzip
    [Cookie] => user_id=1192
    [Content-Type] => multipart/form-data; boundary=62bd96f1bbeec4b157828c6c4adc0246001172ee9aa5047ea281dc9d25ed
    [Content-Length] => 228239
    [User-Agent] => isucon7q-benchmarker
    [Host] => isubata.example.com
)


2022-07-08 02:39:43.819200 /profile L981
_GETArray
(
)
_POSTArray
(
    [display_name] => 新村 はじめ
)
_FILESArray
(
    [avatar_icon] => Array
        (
            [name] => gnu-161336_1280.png
            [type] => application/octet-stream
            [tmp_name] => /tmp/phpgYGnPq
            [error] => 0
            [size] => 227840
        )

)
_COOKIEArray
(
    [user_id] => 1192
)
getallheadersArray
(
    [Accept-Encoding] => gzip
    [Cookie] => user_id=1192
    [Content-Type] => multipart/form-data; boundary=9fd6a87671c778f4a5db88880fdbd04f276944e778d816d0cddbcd97ae37
    [Content-Length] => 228235
    [User-Agent] => isucon7q-benchmarker
    [Host] => isubata.example.com
)


2022-07-08 02:39:48.979500 /profile L981
_GETArray
(
)
_POSTArray
(
    [display_name] => 野中 そら
)
_FILESArray
(
    [avatar_icon] => Array
        (
            [name] => hug-2702900_1280.png
            [type] => application/octet-stream
            [tmp_name] => /tmp/phpsFB8fW
            [error] => 0
            [size] => 115438
        )

)
_COOKIEArray
(
    [user_id] => 1195
)
getallheadersArray
(
    [Accept-Encoding] => gzip
    [Cookie] => user_id=1195
    [Content-Type] => multipart/form-data; boundary=350e8f78456ecc1e9dc2b60ab0d92539b1fe011489d766d289afc9fe4f21
    [Content-Length] => 115831
    [User-Agent] => isucon7q-benchmarker
    [Host] => isubata.example.com
)


2022-07-08 02:39:49.509600 /profile L981
_GETArray
(
)
_POSTArray
(
    [display_name] => 岡本 優
)
_FILESArray
(
    [avatar_icon] => Array
        (
            [name] => animal-1296724_1280.png
            [type] => application/octet-stream
            [tmp_name] => /tmp/phpfCk776
            [error] => 0
            [size] => 371278
        )

)
_COOKIEArray
(
    [user_id] => 1196
)
getallheadersArray
(
    [Accept-Encoding] => gzip
    [Cookie] => user_id=1196
    [Content-Type] => multipart/form-data; boundary=ef484dc316f64f96fc102641ced653cc40690973219f85347f12fabc7a1f
    [Content-Length] => 371671
    [User-Agent] => isucon7q-benchmarker
    [Host] => isubata.example.com
)


2022-07-08 02:39:55.757500 /profile L981
_GETArray
(
)
_POSTArray
(
    [display_name] => 加藤 メイサ
)
_FILESArray
(
    [avatar_icon] => Array
        (
            [name] => pumpkin-23439_1280.png
            [type] => application/octet-stream
            [tmp_name] => /tmp/phpahC774
            [error] => 0
            [size] => 430334
        )

)
_COOKIEArray
(
    [user_id] => 1197
)
getallheadersArray
(
    [Accept-Encoding] => gzip
    [Cookie] => user_id=1197
    [Content-Type] => multipart/form-data; boundary=4257cf2ad4bca9230e3d4e88377ba941399e4e4de68ce4000dae537950b3
    [Content-Length] => 430732
    [User-Agent] => isucon7q-benchmarker
    [Host] => isubata.example.com
)


2022-07-08 02:40:02.141100 /profile L981
_GETArray
(
)
_POSTArray
(
    [display_name] => 恩田 亜希
)
_FILESArray
(
    [avatar_icon] => Array
        (
            [name] => building-blocks-2026722_1280.png
            [type] => application/octet-stream
            [tmp_name] => /tmp/phpMadUXH
            [error] => 0
            [size] => 100641
        )

)
_COOKIEArray
(
    [user_id] => 1198
)
getallheadersArray
(
    [Accept-Encoding] => gzip
    [Cookie] => user_id=1198
    [Content-Type] => multipart/form-data; boundary=4e1af92e5b4bae6fc72e03c8a7b628406fa5362df8501334a9f13b9cf517
    [Content-Length] => 101046
    [User-Agent] => isucon7q-benchmarker
    [Host] => isubata.example.com
)


2022-07-08 02:49:38.609300 /profile L981
_GETArray
(
)
_POSTArray
(
)
_FILESArray
(
    [avatar_icon] => Array
        (
            [name] => eagle-2657888.jpg
            [type] => 
            [tmp_name] => 
            [error] => 1
            [size] => 0
        )

)
_COOKIEArray
(
    [user_id] => 1201
)
getallheadersArray
(
    [Accept-Encoding] => gzip
    [Cookie] => user_id=1201
    [Content-Type] => multipart/form-data; boundary=cca7f5f01205c116396d4be814cfd301ba1142ffb6d8fe8b7bb193be49a0
    [Content-Length] => 3255250
    [User-Agent] => isucon7q-benchmarker
    [Host] => isubata.example.com
)


2022-07-08 02:49:38.635700 /profile L981
_GETArray
(
)
_POSTArray
(
    [display_name] => 宇田川 華子
)
_FILESArray
(
    [avatar_icon] => Array
        (
            [name] => mans-face-2623006.png.bin
            [type] => application/octet-stream
            [tmp_name] => /tmp/phpJNKIha
            [error] => 0
            [size] => 492873
        )

)
_COOKIEArray
(
    [user_id] => 1201
)
getallheadersArray
(
    [Accept-Encoding] => gzip
    [Cookie] => user_id=1201
    [Content-Type] => multipart/form-data; boundary=4ebf47f10d80ec25ef196f5fedce7c83b25ea86884b255d5f47d7c25bcef
    [Content-Length] => 493274
    [User-Agent] => isucon7q-benchmarker
    [Host] => isubata.example.com
)


2022-07-08 02:49:38.659400 /profile L981
_GETArray
(
)
_POSTArray
(
    [display_name] => 宇田川 華子
)
_FILESArray
(
    [avatar_icon] => Array
        (
            [name] => mans-face-2623006.png
            [type] => application/octet-stream
            [tmp_name] => /tmp/php7S5Euv
            [error] => 0
            [size] => 492873
        )

)
_COOKIEArray
(
    [user_id] => 1201
)
getallheadersArray
(
    [Accept-Encoding] => gzip
    [Cookie] => user_id=1201
    [Content-Type] => multipart/form-data; boundary=1a3feb62edea8dfa81dde5302ee3dc7cf4f3e69c95797a2c4eae2c56a07a
    [Content-Length] => 493270
    [User-Agent] => isucon7q-benchmarker
    [Host] => isubata.example.com
)


2022-07-08 02:49:47.776000 /profile L981
_GETArray
(
)
_POSTArray
(
    [display_name] => 田島 千佳子
)
_FILESArray
(
    [avatar_icon] => Array
        (
            [name] => animal-2029283_1280.png
            [type] => application/octet-stream
            [tmp_name] => /tmp/phpYM9mpO
            [error] => 0
            [size] => 433667
        )

)
_COOKIEArray
(
    [user_id] => 1204
)
getallheadersArray
(
    [Accept-Encoding] => gzip
    [Cookie] => user_id=1204
    [Content-Type] => multipart/form-data; boundary=5f73b4fd4f4bbc6b1817f26ba96bae83e54390828d91628ff30f0537fbd6
    [Content-Length] => 434066
    [User-Agent] => isucon7q-benchmarker
    [Host] => isubata.example.com
)


2022-07-08 02:49:47.870500 /profile L981
_GETArray
(
)
_POSTArray
(
    [display_name] => 津田 徹
)
_FILESArray
(
    [avatar_icon] => Array
        (
            [name] => beer_glass.png
            [type] => application/octet-stream
            [tmp_name] => /tmp/phpCmiYPu
            [error] => 0
            [size] => 288077
        )

)
_COOKIEArray
(
    [user_id] => 1205
)
getallheadersArray
(
    [Accept-Encoding] => gzip
    [Cookie] => user_id=1205
    [Content-Type] => multipart/form-data; boundary=8c5d168a2bbe33ca675d8be0530572cb00c10d1b19607744ca530d7f4771
    [Content-Length] => 288461
    [User-Agent] => isucon7q-benchmarker
    [Host] => isubata.example.com
)


2022-07-08 02:49:48.331900 /profile L981
_GETArray
(
)
_POSTArray
(
    [display_name] => 畑中 杏
)
_FILESArray
(
    [avatar_icon] => Array
        (
            [name] => ladybug-1718997_1280.png
            [type] => application/octet-stream
            [tmp_name] => /tmp/php5Z1eXx
            [error] => 0
            [size] => 245418
        )

)
_COOKIEArray
(
    [user_id] => 1206
)
getallheadersArray
(
    [Accept-Encoding] => gzip
    [Cookie] => user_id=1206
    [Content-Type] => multipart/form-data; boundary=a41b83a3814df02b1a07115ec5418f1535fad08c0439ee2731b01d6186e1
    [Content-Length] => 245812
    [User-Agent] => isucon7q-benchmarker
    [Host] => isubata.example.com
)


2022-07-08 02:49:48.555200 /profile L981
_GETArray
(
)
_POSTArray
(
    [display_name] => 水上 里穂
)
_FILESArray
(
    [avatar_icon] => Array
        (
            [name] => avatar-1295389_1280.png
            [type] => application/octet-stream
            [tmp_name] => /tmp/phpuwZAAb
            [error] => 0
            [size] => 91551
        )

)
_COOKIEArray
(
    [user_id] => 1207
)
getallheadersArray
(
    [Accept-Encoding] => gzip
    [Cookie] => user_id=1207
    [Content-Type] => multipart/form-data; boundary=ed452159fcfddb331af84479ed46777e344b67afc3734b2a78b97d0bcffa
    [Content-Length] => 91947
    [User-Agent] => isucon7q-benchmarker
    [Host] => isubata.example.com
)


2022-07-08 02:49:50.397700 /profile L981
_GETArray
(
)
_POSTArray
(
    [display_name] => 塩見 一輝
)
_FILESArray
(
    [avatar_icon] => Array
        (
            [name] => dice-152179_1280.png
            [type] => application/octet-stream
            [tmp_name] => /tmp/phpzXQz5h
            [error] => 0
            [size] => 445973
        )

)
_COOKIEArray
(
    [user_id] => 1208
)
getallheadersArray
(
    [Accept-Encoding] => gzip
    [Cookie] => user_id=1208
    [Content-Type] => multipart/form-data; boundary=1b4a8936b31c67442839035be221807aca54f5d3e37e49e6bb8b105cb7cd
    [Content-Length] => 446366
    [User-Agent] => isucon7q-benchmarker
    [Host] => isubata.example.com
)


2022-07-08 02:49:53.128100 /profile L981
_GETArray
(
)
_POSTArray
(
    [display_name] => 及川 光良
)
_FILESArray
(
    [avatar_icon] => Array
        (
            [name] => chair_boy.png
            [type] => application/octet-stream
            [tmp_name] => /tmp/phpOGbTsL
            [error] => 0
            [size] => 235627
        )

)
_COOKIEArray
(
    [user_id] => 1209
)
getallheadersArray
(
    [Accept-Encoding] => gzip
    [Cookie] => user_id=1209
    [Content-Type] => multipart/form-data; boundary=676029f0b7b7dcb61a05410d678cc2c8b74fd962d713c94f19b48d291684
    [Content-Length] => 236013
    [User-Agent] => isucon7q-benchmarker
    [Host] => isubata.example.com
)


2022-07-08 02:50:00.546000 /profile L981
_GETArray
(
)
_POSTArray
(
    [display_name] => 岡本 優
)
_FILESArray
(
    [avatar_icon] => Array
        (
            [name] => food_nikuzushi1.png
            [type] => application/octet-stream
            [tmp_name] => /tmp/phpgUSf86
            [error] => 0
            [size] => 426930
        )

)
_COOKIEArray
(
    [user_id] => 1213
)
getallheadersArray
(
    [Accept-Encoding] => gzip
    [Cookie] => user_id=1213
    [Content-Type] => multipart/form-data; boundary=c8c5792aecb64c5d6d0d6874580f2590da5205e3a99bfa968f6c11eeb4b1
    [Content-Length] => 427319
    [User-Agent] => isucon7q-benchmarker
    [Host] => isubata.example.com
)


2022-07-08 02:50:04.330400 /profile L981
_GETArray
(
)
_POSTArray
(
    [display_name] => 恩田 亜希
)
_FILESArray
(
    [avatar_icon] => Array
        (
            [name] => snooker-150237_1280.png
            [type] => application/octet-stream
            [tmp_name] => /tmp/php1Ic7YQ
            [error] => 0
            [size] => 149543
        )

)
_COOKIEArray
(
    [user_id] => 1216
)
getallheadersArray
(
    [Accept-Encoding] => gzip
    [Cookie] => user_id=1216
    [Content-Type] => multipart/form-data; boundary=e48a4bc74a2cdab0e43a62ba602eebcb4321ee2b98cc912eeea75036d04f
    [Content-Length] => 149939
    [User-Agent] => isucon7q-benchmarker
    [Host] => isubata.example.com
)


2022-07-08 02:50:07.169600 /profile L981
_GETArray
(
)
_POSTArray
(
)
_FILESArray
(
    [avatar_icon] => Array
        (
            [name] => cats-eyes-2671903.jpg
            [type] => 
            [tmp_name] => 
            [error] => 1
            [size] => 0
        )

)
_COOKIEArray
(
    [user_id] => 1214
)
getallheadersArray
(
    [Accept-Encoding] => gzip
    [Cookie] => user_id=1214
    [Content-Type] => multipart/form-data; boundary=0e745d4e371cc873a432751b452b7ab201b93ef5c798823889e2cb2b7d2e
    [Content-Length] => 3128974
    [User-Agent] => isucon7q-benchmarker
    [Host] => isubata.example.com
)


2022-07-08 02:50:07.365200 /profile L981
_GETArray
(
)
_POSTArray
(
    [display_name] => 角谷 真吾
)
_FILESArray
(
    [avatar_icon] => Array
        (
            [name] => gnu-161336_1280.png
            [type] => application/octet-stream
            [tmp_name] => /tmp/phpOOBXFv
            [error] => 0
            [size] => 227840
        )

)
_COOKIEArray
(
    [user_id] => 1217
)
getallheadersArray
(
    [Accept-Encoding] => gzip
    [Cookie] => user_id=1217
    [Content-Type] => multipart/form-data; boundary=6f3fab944088ef5bb33ffbef7536f38452e6d1c2437e1826fb937e6cbac5
    [Content-Length] => 228232
    [User-Agent] => isucon7q-benchmarker
    [Host] => isubata.example.com
)


2022-07-08 02:50:08.213000 /profile L981
_GETArray
(
)
_POSTArray
(
    [display_name] => 加藤 メイサ
)
_FILESArray
(
    [avatar_icon] => Array
        (
            [name] => business_jinzai_tsukaisute.png.bin
            [type] => application/octet-stream
            [tmp_name] => /tmp/phpO45PL0
            [error] => 0
            [size] => 299210
        )

)
_COOKIEArray
(
    [user_id] => 1214
)
getallheadersArray
(
    [Accept-Encoding] => gzip
    [Cookie] => user_id=1214
    [Content-Type] => multipart/form-data; boundary=76a001ecd79ec91468f12df7b5cc22bf3eeb007cc1ec0fe4f24fe18f1a4c
    [Content-Length] => 299620
    [User-Agent] => isucon7q-benchmarker
    [Host] => isubata.example.com
)


2022-07-08 02:50:09.043600 /profile L981
_GETArray
(
)
_POSTArray
(
    [display_name] => 加藤 メイサ
)
_FILESArray
(
    [avatar_icon] => Array
        (
            [name] => business_jinzai_tsukaisute.png
            [type] => application/octet-stream
            [tmp_name] => /tmp/phpe1JIgf
            [error] => 0
            [size] => 299210
        )

)
_COOKIEArray
(
    [user_id] => 1214
)
getallheadersArray
(
    [Accept-Encoding] => gzip
    [Cookie] => user_id=1214
    [Content-Type] => multipart/form-data; boundary=0f0cf006b9153d103b5754e1e19a849100fbc2257debb0bbfee5674e7c0a
    [Content-Length] => 299616
    [User-Agent] => isucon7q-benchmarker
    [Host] => isubata.example.com
)


2022-07-08 02:50:10.089300 /profile L981
_GETArray
(
)
_POSTArray
(
    [display_name] => 久保田 高史
)
_FILESArray
(
    [avatar_icon] => Array
        (
            [name] => chair_wood.png
            [type] => application/octet-stream
            [tmp_name] => /tmp/phpOk5BU0
            [error] => 0
            [size] => 328839
        )

)
_COOKIEArray
(
    [user_id] => 1218
)
getallheadersArray
(
    [Accept-Encoding] => gzip
    [Cookie] => user_id=1218
    [Content-Type] => multipart/form-data; boundary=98ed0a4b5d0a63afa5eb9cff1a191cab9d3f9b9934e24745fb94c192b68c
    [Content-Length] => 329229
    [User-Agent] => isucon7q-benchmarker
    [Host] => isubata.example.com
)


2022-07-08 02:50:15.796800 /profile L981
_GETArray
(
)
_POSTArray
(
    [display_name] => 萩原 礼子
)
_FILESArray
(
    [avatar_icon] => Array
        (
            [name] => canard-159511_1280.png
            [type] => application/octet-stream
            [tmp_name] => /tmp/phpCw90hh
            [error] => 0
            [size] => 217269
        )

)
_COOKIEArray
(
    [user_id] => 1219
)
getallheadersArray
(
    [Accept-Encoding] => gzip
    [Cookie] => user_id=1219
    [Content-Type] => multipart/form-data; boundary=ff5c44333648f3a6a8f1f5fae54204917c093d35b4693b88c022a3d0e940
    [Content-Length] => 217664
    [User-Agent] => isucon7q-benchmarker
    [Host] => isubata.example.com
)


2022-07-08 02:50:23.406600 /profile L981
_GETArray
(
)
_POSTArray
(
    [display_name] => 黒谷 さんま
)
_FILESArray
(
    [avatar_icon] => Array
        (
            [name] => penguin-161387_1280.png
            [type] => application/octet-stream
            [tmp_name] => /tmp/phpBXJR9Q
            [error] => 0
            [size] => 203707
        )

)
_COOKIEArray
(
    [user_id] => 1220
)
getallheadersArray
(
    [Accept-Encoding] => gzip
    [Cookie] => user_id=1220
    [Content-Type] => multipart/form-data; boundary=c88f97f6ce750e880431479d11b6ee1d1bd7eddcaf8d8e92993b79df74c5
    [Content-Length] => 204106
    [User-Agent] => isucon7q-benchmarker
    [Host] => isubata.example.com
)


2022-07-08 02:50:26.793900 /profile L981
_GETArray
(
)
_POSTArray
(
    [display_name] => 小谷 恵子
)
_FILESArray
(
    [avatar_icon] => Array
        (
            [name] => animal-2029283_1280.png
            [type] => application/octet-stream
            [tmp_name] => /tmp/phpbtcKhg
            [error] => 0
            [size] => 433667
        )

)
_COOKIEArray
(
    [user_id] => 1221
)
getallheadersArray
(
    [Accept-Encoding] => gzip
    [Cookie] => user_id=1221
    [Content-Type] => multipart/form-data; boundary=603bf07edefd96c767e4b2102531fda0db6e263a8944f7efd9c0f4e652d1
    [Content-Length] => 434063
    [User-Agent] => isucon7q-benchmarker
    [Host] => isubata.example.com
)


2022-07-08 02:50:30.588200 /profile L981
_GETArray
(
)
_POSTArray
(
    [display_name] => 篠田 小雁
)
_FILESArray
(
    [avatar_icon] => Array
        (
            [name] => bird_aoitori_bluebird.png
            [type] => application/octet-stream
            [tmp_name] => /tmp/phpWec14M
            [error] => 0
            [size] => 294449
        )

)
_COOKIEArray
(
    [user_id] => 1222
)
getallheadersArray
(
    [Accept-Encoding] => gzip
    [Cookie] => user_id=1222
    [Content-Type] => multipart/form-data; boundary=a183f927dbb91dea6b2ed41910ad5155c85dfa6eb709896e8825cf9860ec
    [Content-Length] => 294847
    [User-Agent] => isucon7q-benchmarker
    [Host] => isubata.example.com
)


2022-07-08 02:51:50.761800 /profile L981
_GETArray
(
)
_POSTArray
(
)
_FILESArray
(
    [avatar_icon] => Array
        (
            [name] => eagle-2657888.jpg
            [type] => 
            [tmp_name] => 
            [error] => 1
            [size] => 0
        )

)
_COOKIEArray
(
    [user_id] => 1224
)
getallheadersArray
(
    [Accept-Encoding] => gzip
    [Cookie] => user_id=1224
    [Content-Type] => multipart/form-data; boundary=4dce7fd45815bd5b5d0a0a5ed80e856221bb744e347a084dbda5e66a67bf
    [Content-Length] => 3255250
    [User-Agent] => isucon7q-benchmarker
    [Host] => isubata.example.com
)


2022-07-08 02:51:50.783400 /profile L981
_GETArray
(
)
_POSTArray
(
    [display_name] => 宇田川 華子
)
_FILESArray
(
    [avatar_icon] => Array
        (
            [name] => mans-face-2623006.png.bin
            [type] => application/octet-stream
            [tmp_name] => /tmp/phpS88Ghs
            [error] => 0
            [size] => 492873
        )

)
_COOKIEArray
(
    [user_id] => 1224
)
getallheadersArray
(
    [Accept-Encoding] => gzip
    [Cookie] => user_id=1224
    [Content-Type] => multipart/form-data; boundary=e6e6075fa61d2050849152b2429c9cb9f254c8ab69f269e51b6b0a7f2d9d
    [Content-Length] => 493274
    [User-Agent] => isucon7q-benchmarker
    [Host] => isubata.example.com
)


2022-07-08 02:51:50.803400 /profile L981
_GETArray
(
)
_POSTArray
(
    [display_name] => 宇田川 華子
)
_FILESArray
(
    [avatar_icon] => Array
        (
            [name] => mans-face-2623006.png
            [type] => application/octet-stream
            [tmp_name] => /tmp/phpxzKggo
            [error] => 0
            [size] => 492873
        )

)
_COOKIEArray
(
    [user_id] => 1224
)
getallheadersArray
(
    [Accept-Encoding] => gzip
    [Cookie] => user_id=1224
    [Content-Type] => multipart/form-data; boundary=8b1e0234f887da075c2e9ccc9d114595fac24871e5a8c761de87b6d4277e
    [Content-Length] => 493270
    [User-Agent] => isucon7q-benchmarker
    [Host] => isubata.example.com
)


2022-07-08 02:51:53.551700 /profile L981
_GETArray
(
)
_POSTArray
(
    [display_name] => 田島 千佳子
)
_FILESArray
(
    [avatar_icon] => Array
        (
            [name] => switch-23328_1280.png
            [type] => application/octet-stream
            [tmp_name] => /tmp/phpIFAR9p
            [error] => 0
            [size] => 142489
        )

)
_COOKIEArray
(
    [user_id] => 1227
)
getallheadersArray
(
    [Accept-Encoding] => gzip
    [Cookie] => user_id=1227
    [Content-Type] => multipart/form-data; boundary=eb0b7f5c5b82150f13b336447e7203def8e1cc584b76d13c5ac16b677c40
    [Content-Length] => 142886
    [User-Agent] => isucon7q-benchmarker
    [Host] => isubata.example.com
)


2022-07-08 02:51:54.493700 /profile L981
_GETArray
(
)
_POSTArray
(
    [display_name] => 津田 徹
)
_FILESArray
(
    [avatar_icon] => Array
        (
            [name] => gnu-161336_1280.png
            [type] => application/octet-stream
            [tmp_name] => /tmp/phpNzuHOd
            [error] => 0
            [size] => 227840
        )

)
_COOKIEArray
(
    [user_id] => 1228
)
getallheadersArray
(
    [Accept-Encoding] => gzip
    [Cookie] => user_id=1228
    [Content-Type] => multipart/form-data; boundary=397a546f0fb86302a06d3824de5273c64d36e799d10da62921bdf7a1aca1
    [Content-Length] => 228229
    [User-Agent] => isucon7q-benchmarker
    [Host] => isubata.example.com
)


2022-07-08 02:51:55.295300 /profile L981
_GETArray
(
)
_POSTArray
(
    [display_name] => 畑中 杏
)
_FILESArray
(
    [avatar_icon] => Array
        (
            [name] => penguin-154954_1280.png
            [type] => application/octet-stream
            [tmp_name] => /tmp/phpC3TvE1
            [error] => 0
            [size] => 207660
        )

)
_COOKIEArray
(
    [user_id] => 1229
)
getallheadersArray
(
    [Accept-Encoding] => gzip
    [Cookie] => user_id=1229
    [Content-Type] => multipart/form-data; boundary=b951ad10bebf92798fe207cdd0bf928a733833defbb862431803aed64731
    [Content-Length] => 208053
    [User-Agent] => isucon7q-benchmarker
    [Host] => isubata.example.com
)


2022-07-08 02:52:07.226100 /profile L981
_GETArray
(
)
_POSTArray
(
    [display_name] => 塩見 一輝
)
_FILESArray
(
    [avatar_icon] => Array
        (
            [name] => gnu-161340_1280.png
            [type] => application/octet-stream
            [tmp_name] => /tmp/phptbnjOS
            [error] => 0
            [size] => 197501
        )

)
_COOKIEArray
(
    [user_id] => 1231
)
getallheadersArray
(
    [Accept-Encoding] => gzip
    [Cookie] => user_id=1231
    [Content-Type] => multipart/form-data; boundary=ed7890c64b163298c73ca5231825bdb860cc08fedcdeb6f97a8aff425818
    [Content-Length] => 197893
    [User-Agent] => isucon7q-benchmarker
    [Host] => isubata.example.com
)


2022-07-08 02:52:20.515000 /profile L981
_GETArray
(
)
_POSTArray
(
    [display_name] => 新村 はじめ
)
_FILESArray
(
    [avatar_icon] => Array
        (
            [name] => canard-159511_1280.png
            [type] => application/octet-stream
            [tmp_name] => /tmp/phpScTa9H
            [error] => 0
            [size] => 217269
        )

)
_COOKIEArray
(
    [user_id] => 1232
)
getallheadersArray
(
    [Accept-Encoding] => gzip
    [Cookie] => user_id=1232
    [Content-Type] => multipart/form-data; boundary=80e16638bfedca1689d11b0df2997ff4011dfa76aade0d1c122270dad84d
    [Content-Length] => 217667
    [User-Agent] => isucon7q-benchmarker
    [Host] => isubata.example.com
)


2022-07-08 02:52:20.975800 /profile L981
_GETArray
(
)
_POSTArray
(
    [display_name] => 板橋 小雁
)
_FILESArray
(
    [avatar_icon] => Array
        (
            [name] => nigirizushi_moriawase.png
            [type] => application/octet-stream
            [tmp_name] => /tmp/phpElMsiR
            [error] => 0
            [size] => 687385
        )

)
_COOKIEArray
(
    [user_id] => 1233
)
getallheadersArray
(
    [Accept-Encoding] => gzip
    [Cookie] => user_id=1233
    [Content-Type] => multipart/form-data; boundary=3b773131c0f3901fd3e8f25a8126746f50f71d5001da648db5fd48ba7e95
    [Content-Length] => 687783
    [User-Agent] => isucon7q-benchmarker
    [Host] => isubata.example.com
)


2022-07-08 02:52:21.023500 /profile L981
_GETArray
(
)
_POSTArray
(
    [display_name] => 野中 そら
)
_FILESArray
(
    [avatar_icon] => Array
        (
            [name] => phoenix-1301889_1280.png
            [type] => application/octet-stream
            [tmp_name] => /tmp/phpCovuTv
            [error] => 0
            [size] => 543142
        )

)
_COOKIEArray
(
    [user_id] => 1234
)
getallheadersArray
(
    [Accept-Encoding] => gzip
    [Cookie] => user_id=1234
    [Content-Type] => multipart/form-data; boundary=52792025e7a67270d2a42da8c610adc1ec756545c73f87cc551c41559eb8
    [Content-Length] => 543539
    [User-Agent] => isucon7q-benchmarker
    [Host] => isubata.example.com
)


2022-07-08 02:52:25.242100 /profile L981
_GETArray
(
)
_POSTArray
(
    [display_name] => 岡本 優
)
_FILESArray
(
    [avatar_icon] => Array
        (
            [name] => gnu-161340_1280.png
            [type] => application/octet-stream
            [tmp_name] => /tmp/phpZ3D68b
            [error] => 0
            [size] => 197501
        )

)
_COOKIEArray
(
    [user_id] => 1237
)
getallheadersArray
(
    [Accept-Encoding] => gzip
    [Cookie] => user_id=1237
    [Content-Type] => multipart/form-data; boundary=d759c05108eb4777099ee95386d63fc0b43535f6f44d18846691cefae2a2
    [Content-Length] => 197890
    [User-Agent] => isucon7q-benchmarker
    [Host] => isubata.example.com
)


2022-07-08 02:52:27.741100 /profile L981
_GETArray
(
)
_POSTArray
(
)
_FILESArray
(
    [avatar_icon] => Array
        (
            [name] => eagle-2657888.jpg
            [type] => 
            [tmp_name] => 
            [error] => 1
            [size] => 0
        )

)
_COOKIEArray
(
    [user_id] => 1235
)
getallheadersArray
(
    [Accept-Encoding] => gzip
    [Cookie] => user_id=1235
    [Content-Type] => multipart/form-data; boundary=b9eb03b54d44d4217c2f44ec4c4c88cf94faca6b93ff76902cb620c0fe2a
    [Content-Length] => 3255250
    [User-Agent] => isucon7q-benchmarker
    [Host] => isubata.example.com
)


2022-07-08 02:52:30.256700 /profile L981
_GETArray
(
)
_POSTArray
(
    [display_name] => 及川 光良
)
_FILESArray
(
    [avatar_icon] => Array
        (
            [name] => avatar-1295389_1280.png.bin
            [type] => application/octet-stream
            [tmp_name] => /tmp/phpa9RGZM
            [error] => 0
            [size] => 91551
        )

)
_COOKIEArray
(
    [user_id] => 1235
)
getallheadersArray
(
    [Accept-Encoding] => gzip
    [Cookie] => user_id=1235
    [Content-Type] => multipart/form-data; boundary=832876068abed754ec0c0bc5af1edf75e6f0b3672df3e4388f45a0441a6b
    [Content-Length] => 91951
    [User-Agent] => isucon7q-benchmarker
    [Host] => isubata.example.com
)


2022-07-08 02:52:30.405300 /profile L981
_GETArray
(
)
_POSTArray
(
    [display_name] => 加藤 メイサ
)
_FILESArray
(
    [avatar_icon] => Array
        (
            [name] => dog-2155329_1280.png
            [type] => application/octet-stream
            [tmp_name] => /tmp/php1JYWXb
            [error] => 0
            [size] => 223452
        )

)
_COOKIEArray
(
    [user_id] => 1238
)
getallheadersArray
(
    [Accept-Encoding] => gzip
    [Cookie] => user_id=1238
    [Content-Type] => multipart/form-data; boundary=1c5fad151540ff911dd1916fd99a22275e9c7fb769e667ca9dcc464940f1
    [Content-Length] => 223848
    [User-Agent] => isucon7q-benchmarker
    [Host] => isubata.example.com
)


2022-07-08 02:52:31.943600 /profile L981
_GETArray
(
)
_POSTArray
(
    [display_name] => 及川 光良
)
_FILESArray
(
    [avatar_icon] => Array
        (
            [name] => avatar-1295389_1280.png
            [type] => application/octet-stream
            [tmp_name] => /tmp/phpONczBF
            [error] => 0
            [size] => 91551
        )

)
_COOKIEArray
(
    [user_id] => 1235
)
getallheadersArray
(
    [Accept-Encoding] => gzip
    [Cookie] => user_id=1235
    [Content-Type] => multipart/form-data; boundary=3cd23336391898b5769dfc0cda676d16ad8a3c3581b61d58e121446e5148
    [Content-Length] => 91947
    [User-Agent] => isucon7q-benchmarker
    [Host] => isubata.example.com
)


2022-07-08 02:52:35.321800 /profile L981
_GETArray
(
)
_POSTArray
(
    [display_name] => 恩田 亜希
)
_FILESArray
(
    [avatar_icon] => Array
        (
            [name] => bluebird_pakutsui.png
            [type] => application/octet-stream
            [tmp_name] => /tmp/php0FWCV8
            [error] => 0
            [size] => 380873
        )

)
_COOKIEArray
(
    [user_id] => 1239
)
getallheadersArray
(
    [Accept-Encoding] => gzip
    [Cookie] => user_id=1239
    [Content-Type] => multipart/form-data; boundary=98e27e2cb8b9507f00689c965e3f96bf20c0ceb77d7df6cff13a420adf2a
    [Content-Length] => 381267
    [User-Agent] => isucon7q-benchmarker
    [Host] => isubata.example.com
)


2022-07-08 02:52:38.932300 /profile L981
_GETArray
(
)
_POSTArray
(
    [display_name] => 角谷 真吾
)
_FILESArray
(
    [avatar_icon] => Array
        (
            [name] => duck-46434_1280.png
            [type] => application/octet-stream
            [tmp_name] => /tmp/phpRJJSNs
            [error] => 0
            [size] => 366869
        )

)
_COOKIEArray
(
    [user_id] => 1240
)
getallheadersArray
(
    [Accept-Encoding] => gzip
    [Cookie] => user_id=1240
    [Content-Type] => multipart/form-data; boundary=e979ce0f41910e87d03b1a132255e3fad9a01969e73b720b741c94f24fc3
    [Content-Length] => 367261
    [User-Agent] => isucon7q-benchmarker
    [Host] => isubata.example.com
)


2022-07-08 02:52:46.175200 /profile L981
_GETArray
(
)
_POSTArray
(
    [display_name] => 久保田 高史
)
_FILESArray
(
    [avatar_icon] => Array
        (
            [name] => cute-1751246_1280.png
            [type] => application/octet-stream
            [tmp_name] => /tmp/php8KfVLg
            [error] => 0
            [size] => 56484
        )

)
_COOKIEArray
(
    [user_id] => 1241
)
getallheadersArray
(
    [Accept-Encoding] => gzip
    [Cookie] => user_id=1241
    [Content-Type] => multipart/form-data; boundary=4c61f358486a75afee1203babf6aa65c02cc364ab1f1e0f82a53f7cbbc8c
    [Content-Length] => 56881
    [User-Agent] => isucon7q-benchmarker
    [Host] => isubata.example.com
)


